[ 2022-12-22 19:36:57,785 ] 15 root - INFO - >>>>>>>>>>>>>>>>>>>>>>>>>>>>>>>>>>>>>>>> Data Ingestion <<<<<<<<<<<<<<<<<<<<<<<<<<<<<<<<<<<<<<<<
[ 2022-12-22 19:36:57,786 ] 22 root - INFO - Exporting collection data as pandas dataframe
[ 2022-12-22 19:36:57,786 ] 21 root - INFO - Reading data from database: aps and collection: sensor
[ 2022-12-22 19:37:05,989 ] 23 root - INFO - Found columns: Index(['_id', 'class', 'aa_000', 'ab_000', 'ac_000', 'ad_000', 'ae_000',
       'af_000', 'ag_000', 'ag_001',
       ...
       'ee_002', 'ee_003', 'ee_004', 'ee_005', 'ee_006', 'ee_007', 'ee_008',
       'ee_009', 'ef_000', 'eg_000'],
      dtype='object', length=172)
[ 2022-12-22 19:37:05,990 ] 25 root - INFO - Dropping column: _id 
[ 2022-12-22 19:37:06,905 ] 27 root - INFO - Row and columns in df: (36188, 171)
[ 2022-12-22 19:37:06,906 ] 28 root - INFO - Save data in feature store
[ 2022-12-22 19:37:08,261 ] 34 root - INFO - Create feature store folder if not available
[ 2022-12-22 19:37:08,262 ] 38 root - INFO - Save df to feature store folder
[ 2022-12-22 19:37:13,121 ] 43 root - INFO - split dataset into train and test set
[ 2022-12-22 19:37:15,048 ] 47 root - INFO - create dataset directory folder if not available
[ 2022-12-22 19:37:15,048 ] 52 root - INFO - Save df to feature store folder
[ 2022-12-22 19:37:19,486 ] 64 root - INFO - Data ingestion artifact: DataIngestionArtifact(feature_store_file_path='/config/workspace/artifact/12222022__193657/data_ingestion/feature_store/sensor.csv', train_file_path='/config/workspace/artifact/12222022__193657/data_ingestion/dataset/train.csv', test_file_path='/config/workspace/artifact/12222022__193657/data_ingestion/dataset/test.csv')
[ 2022-12-22 19:37:20,749 ] 18 root - INFO - >>>>>>>>>>>>>>>>>>>>>>>>>>>>>>>>>>>>>>>> Data Validation <<<<<<<<<<<<<<<<<<<<<<<<<<<<<<<<<<<<<<<<
[ 2022-12-22 19:37:20,750 ] 110 root - INFO - Reading base dataframe
[ 2022-12-22 19:37:26,149 ] 113 root - INFO - Replace na value in base df
[ 2022-12-22 19:37:26,150 ] 115 root - INFO - Drop null values columns from base df
[ 2022-12-22 19:37:27,793 ] 39 root - INFO - selecting column name which contains null valuesabove to 0.2
[ 2022-12-22 19:37:27,794 ] 42 root - INFO - Columns to drop: ['ab_000', 'ad_000', 'bk_000', 'bl_000', 'bm_000', 'bn_000', 'bo_000', 'bp_000', 'bq_000', 'br_000', 'cf_000', 'cg_000', 'ch_000', 'co_000', 'cr_000', 'ct_000', 'cu_000', 'cv_000', 'cx_000', 'cy_000', 'cz_000', 'da_000', 'db_000', 'dc_000']
[ 2022-12-22 19:37:27,972 ] 118 root - INFO - Reading train dataframe
[ 2022-12-22 19:37:28,697 ] 120 root - INFO - Reading test dataframe
[ 2022-12-22 19:37:28,883 ] 123 root - INFO - Drop null values columns from train df
[ 2022-12-22 19:37:28,905 ] 39 root - INFO - selecting column name which contains null valuesabove to 0.2
[ 2022-12-22 19:37:28,906 ] 42 root - INFO - Columns to drop: ['ab_000', 'ad_000', 'bk_000', 'bl_000', 'bm_000', 'bn_000', 'bo_000', 'bp_000', 'bq_000', 'br_000', 'cf_000', 'cg_000', 'ch_000', 'co_000', 'cr_000', 'ct_000', 'cu_000', 'cv_000', 'cx_000', 'cy_000', 'cz_000', 'da_000', 'db_000', 'dc_000']
[ 2022-12-22 19:37:28,926 ] 125 root - INFO - Drop null values columns from test df
[ 2022-12-22 19:37:28,934 ] 39 root - INFO - selecting column name which contains null valuesabove to 0.2
[ 2022-12-22 19:37:28,935 ] 42 root - INFO - Columns to drop: ['ab_000', 'ad_000', 'bk_000', 'bl_000', 'bm_000', 'bn_000', 'bo_000', 'bp_000', 'bq_000', 'br_000', 'cf_000', 'cg_000', 'ch_000', 'co_000', 'cr_000', 'ct_000', 'cu_000', 'cv_000', 'cx_000', 'cy_000', 'cz_000', 'da_000', 'db_000', 'dc_000']
